{"/Users/dominiceccleston/code/twitter-clone/api/index.ts": {"path":"/Users/dominiceccleston/code/twitter-clone/api/index.ts","statementMap":{"0":{"start":{"line":1,"column":0},"end":{"line":1,"column":27}},"1":{"start":{"line":2,"column":25},"end":{"line":2,"column":50}},"2":{"start":{"line":3,"column":16},"end":{"line":3,"column":34}},"3":{"start":{"line":4,"column":13},"end":{"line":4,"column":28}},"4":{"start":{"line":5,"column":15},"end":{"line":5,"column":34}},"5":{"start":{"line":9,"column":4},"end":{"line":9,"column":48}},"6":{"start":{"line":10,"column":22},"end":{"line":10,"column":55}},"7":{"start":{"line":12,"column":15},"end":{"line":12,"column":33}},"8":{"start":{"line":13,"column":12},"end":{"line":13,"column":21}},"9":{"start":{"line":14,"column":18},"end":{"line":14,"column":52}},"10":{"start":{"line":15,"column":17},"end":{"line":15,"column":35}},"11":{"start":{"line":16,"column":13},"end":{"line":16,"column":17}},"12":{"start":{"line":18,"column":0},"end":{"line":18,"column":24}},"13":{"start":{"line":19,"column":0},"end":{"line":19,"column":16}},"14":{"start":{"line":21,"column":27},"end":{"line":24,"column":2}},"15":{"start":{"line":26,"column":0},"end":{"line":28,"column":3}},"16":{"start":{"line":26,"column":32},"end":{"line":28,"column":2}},"17":{"start":{"line":27,"column":2},"end":{"line":27,"column":30}},"18":{"start":{"line":30,"column":0},"end":{"line":33,"column":3}},"19":{"start":{"line":30,"column":37},"end":{"line":33,"column":2}},"20":{"start":{"line":31,"column":16},"end":{"line":31,"column":44}},"21":{"start":{"line":32,"column":2},"end":{"line":32,"column":18}},"22":{"start":{"line":35,"column":0},"end":{"line":47,"column":2}},"23":{"start":{"line":38,"column":21},"end":{"line":46,"column":null}},"24":{"start":{"line":39,"column":19},"end":{"line":44,"column":6}},"25":{"start":{"line":45,"column":4},"end":{"line":45,"column":21}},"26":{"start":{"line":49,"column":0},"end":{"line":63,"column":3}},"27":{"start":{"line":49,"column":38},"end":{"line":63,"column":2}},"28":{"start":{"line":50,"column":15},"end":{"line":54,"column":6}},"29":{"start":{"line":55,"column":2},"end":{"line":62,"column":null}},"30":{"start":{"line":56,"column":4},"end":{"line":59,"column":7}},"31":{"start":{"line":61,"column":4},"end":{"line":61,"column":48}},"32":{"start":{"line":65,"column":0},"end":{"line":72,"column":3}},"33":{"start":{"line":66,"column":2},"end":{"line":71,"column":null}},"34":{"start":{"line":67,"column":4},"end":{"line":67,"column":42}},"35":{"start":{"line":68,"column":4},"end":{"line":68,"column":11}},"36":{"start":{"line":70,"column":4},"end":{"line":70,"column":14}},"37":{"start":{"line":74,"column":0},"end":{"line":81,"column":3}},"38":{"start":{"line":75,"column":2},"end":{"line":80,"column":4}},"39":{"start":{"line":84,"column":0},"end":{"line":84,"column":21}}},"fnMap":{"0":{"name":"(anonymous_7)","decl":{"start":{"line":26,"column":13},"end":{"line":26,"column":20}},"loc":{"start":{"line":26,"column":32},"end":{"line":28,"column":2}}},"1":{"name":"(anonymous_8)","decl":{"start":{"line":26,"column":32},"end":{"line":26,"column":null}},"loc":{"start":{"line":26,"column":32},"end":{"line":28,"column":1}}},"2":{"name":"(anonymous_9)","decl":{"start":{"line":30,"column":18},"end":{"line":30,"column":25}},"loc":{"start":{"line":30,"column":37},"end":{"line":33,"column":2}}},"3":{"name":"(anonymous_10)","decl":{"start":{"line":30,"column":37},"end":{"line":30,"column":null}},"loc":{"start":{"line":30,"column":37},"end":{"line":33,"column":1}}},"4":{"name":"(anonymous_11)","decl":{"start":{"line":38,"column":2},"end":{"line":38,"column":9}},"loc":{"start":{"line":38,"column":21},"end":{"line":46,"column":null}}},"5":{"name":"(anonymous_12)","decl":{"start":{"line":38,"column":21},"end":{"line":38,"column":null}},"loc":{"start":{"line":38,"column":21},"end":{"line":46,"column":3}}},"6":{"name":"(anonymous_13)","decl":{"start":{"line":49,"column":19},"end":{"line":49,"column":26}},"loc":{"start":{"line":49,"column":38},"end":{"line":63,"column":2}}},"7":{"name":"(anonymous_14)","decl":{"start":{"line":49,"column":38},"end":{"line":49,"column":null}},"loc":{"start":{"line":49,"column":38},"end":{"line":63,"column":1}}},"8":{"name":"(anonymous_15)","decl":{"start":{"line":65,"column":8},"end":{"line":65,"column":18}},"loc":{"start":{"line":65,"column":37},"end":{"line":72,"column":1}}},"9":{"name":"(anonymous_16)","decl":{"start":{"line":74,"column":17},"end":{"line":74,"column":20}},"loc":{"start":{"line":74,"column":22},"end":{"line":81,"column":1}}}},"branchMap":{"0":{"loc":{"start":{"line":55,"column":2},"end":{"line":62,"column":null}},"type":"if","locations":[{"start":{"line":55,"column":2},"end":{"line":62,"column":null}},{"start":{"line":55,"column":2},"end":{"line":62,"column":null}}]},"1":{"loc":{"start":{"line":55,"column":6},"end":{"line":55,"column":10}},"type":"binary-expr","locations":[{"start":{"line":55,"column":6},"end":{"line":55,"column":10}},{"start":{"line":55,"column":14},"end":{"line":55,"column":66}}]},"2":{"loc":{"start":{"line":66,"column":2},"end":{"line":71,"column":null}},"type":"if","locations":[{"start":{"line":66,"column":2},"end":{"line":71,"column":null}},{"start":{"line":66,"column":2},"end":{"line":71,"column":null}}]}},"s":{"0":1,"1":1,"2":1,"3":1,"4":1,"5":1,"6":1,"7":1,"8":1,"9":1,"10":1,"11":1,"12":1,"13":1,"14":1,"15":1,"16":1,"17":1,"18":1,"19":0,"20":0,"21":0,"22":1,"23":0,"24":0,"25":0,"26":1,"27":0,"28":0,"29":0,"30":0,"31":0,"32":1,"33":0,"34":0,"35":0,"36":0,"37":1,"38":1,"39":1},"f":{"0":1,"1":1,"2":0,"3":0,"4":0,"5":0,"6":0,"7":0,"8":0,"9":1},"b":{"0":[0,0],"1":[0,0],"2":[0,0]}}
,"/Users/dominiceccleston/code/twitter-clone/api/utils/generate-token.js": {"path":"/Users/dominiceccleston/code/twitter-clone/api/utils/generate-token.js","statementMap":{"0":{"start":{"line":1,"column":12},"end":{"line":1,"column":35}},"1":{"start":{"line":3,"column":0},"end":{"line":7,"column":2}},"2":{"start":{"line":3,"column":23},"end":{"line":7,"column":1}}},"fnMap":{"0":{"name":"(anonymous_0)","decl":{"start":{"line":3,"column":17},"end":{"line":3,"column":18}},"loc":{"start":{"line":3,"column":23},"end":{"line":7,"column":1}},"line":3}},"branchMap":{},"s":{"0":1,"1":1,"2":0},"f":{"0":0},"b":{},"inputSourceMap":null,"_coverageSchema":"1a1c01bbd47fc00a2c39e90264f33305004495a9","hash":"b08996392f7797baa1f97e16b68b415cd6576996"}
}
