TN:
SF:index.ts
FN:26,(anonymous_7)
FN:26,(anonymous_8)
FN:30,(anonymous_9)
FN:30,(anonymous_10)
FN:38,(anonymous_11)
FN:38,(anonymous_12)
FN:49,(anonymous_13)
FN:49,(anonymous_14)
FN:65,(anonymous_15)
FN:74,(anonymous_16)
FNF:10
FNH:3
FNDA:1,(anonymous_7)
FNDA:1,(anonymous_8)
FNDA:0,(anonymous_9)
FNDA:0,(anonymous_10)
FNDA:0,(anonymous_11)
FNDA:0,(anonymous_12)
FNDA:0,(anonymous_13)
FNDA:0,(anonymous_14)
FNDA:0,(anonymous_15)
FNDA:1,(anonymous_16)
DA:1,1
DA:2,1
DA:3,1
DA:4,1
DA:5,1
DA:9,1
DA:10,1
DA:12,1
DA:13,1
DA:14,1
DA:15,1
DA:16,1
DA:18,1
DA:19,1
DA:21,1
DA:26,1
DA:27,1
DA:30,1
DA:31,0
DA:32,0
DA:35,1
DA:38,0
DA:39,0
DA:45,0
DA:49,1
DA:50,0
DA:55,0
DA:56,0
DA:61,0
DA:65,1
DA:66,0
DA:67,0
DA:68,0
DA:70,0
DA:74,1
DA:75,1
DA:84,1
LF:37
LH:24
BRDA:55,0,0,0
BRDA:55,0,1,0
BRDA:55,1,0,0
BRDA:55,1,1,0
BRDA:66,2,0,0
BRDA:66,2,1,0
BRF:6
BRH:0
end_of_record
TN:
SF:utils/generate-token.js
FN:3,(anonymous_0)
FNF:1
FNH:0
FNDA:0,(anonymous_0)
DA:1,1
DA:3,1
LF:2
LH:2
BRF:0
BRH:0
end_of_record
